12:32:45.512 [main] DEBUG org.apache.poi.openxml4j.opc.PackageRelationshipCollection - Parsing relationship: /xl/worksheets/_rels/sheet1.xml.rels
12:32:45.517 [main] DEBUG org.apache.poi.openxml4j.opc.PackageRelationshipCollection - Parsing relationship: /_rels/.rels
12:32:45.523 [main] DEBUG org.apache.poi.ooxml.POIXMLFactory - using default POIXMLDocumentPart for http://schemas.openxmlformats.org/officeDocument/2006/relationships/printerSettings
12:32:45.530 [main] DEBUG org.apache.poi.openxml4j.opc.PackageRelationshipCollection - Parsing relationship: /xl/_rels/workbook.xml.rels
12:32:45.531 [main] DEBUG org.apache.poi.openxml4j.opc.PackageRelationshipCollection - Parsing relationship: /xl/worksheets/_rels/sheet1.xml.rels
12:32:45.542 [main] DEBUG org.apache.poi.openxml4j.opc.PackageRelationshipCollection - Parsing relationship: /_rels/.rels
12:32:45.548 [main] DEBUG org.apache.poi.ooxml.POIXMLFactory - using default POIXMLDocumentPart for http://schemas.openxmlformats.org/officeDocument/2006/relationships/printerSettings
12:32:45.554 [main] DEBUG org.apache.poi.openxml4j.opc.PackageRelationshipCollection - Parsing relationship: /xl/_rels/workbook.xml.rels
12:32:45.555 [main] DEBUG org.apache.poi.openxml4j.opc.PackageRelationshipCollection - Parsing relationship: /xl/worksheets/_rels/sheet1.xml.rels
12:32:45.555 [main] DEBUG org.apache.poi.openxml4j.opc.PackageRelationshipCollection - Parsing relationship: /_rels/.rels
12:32:45.561 [main] DEBUG org.apache.poi.ooxml.POIXMLFactory - using default POIXMLDocumentPart for http://schemas.openxmlformats.org/officeDocument/2006/relationships/printerSettings
12:32:45.568 [main] DEBUG org.apache.poi.openxml4j.opc.PackageRelationshipCollection - Parsing relationship: /xl/_rels/workbook.xml.rels
12:32:45.569 [main] DEBUG org.apache.poi.openxml4j.opc.PackageRelationshipCollection - Parsing relationship: /xl/worksheets/_rels/sheet1.xml.rels
12:32:45.569 [main] DEBUG org.apache.poi.openxml4j.opc.PackageRelationshipCollection - Parsing relationship: /_rels/.rels
12:32:45.574 [main] DEBUG org.apache.poi.ooxml.POIXMLFactory - using default POIXMLDocumentPart for http://schemas.openxmlformats.org/officeDocument/2006/relationships/printerSettings
12:32:45.580 [main] DEBUG org.apache.poi.openxml4j.opc.PackageRelationshipCollection - Parsing relationship: /xl/_rels/workbook.xml.rels
12:32:45.581 [main] DEBUG org.apache.poi.openxml4j.opc.PackageRelationshipCollection - Parsing relationship: /xl/worksheets/_rels/sheet1.xml.rels
12:32:45.581 [main] DEBUG org.apache.poi.openxml4j.opc.PackageRelationshipCollection - Parsing relationship: /_rels/.rels
12:32:45.588 [main] DEBUG org.apache.poi.ooxml.POIXMLFactory - using default POIXMLDocumentPart for http://schemas.openxmlformats.org/officeDocument/2006/relationships/printerSettings
12:32:45.594 [main] DEBUG org.apache.poi.openxml4j.opc.PackageRelationshipCollection - Parsing relationship: /xl/_rels/workbook.xml.rels
12:32:45.595 [main] DEBUG org.apache.poi.openxml4j.opc.PackageRelationshipCollection - Parsing relationship: /xl/worksheets/_rels/sheet1.xml.rels
12:32:45.595 [main] DEBUG org.apache.poi.openxml4j.opc.PackageRelationshipCollection - Parsing relationship: /_rels/.rels
12:32:45.599 [main] DEBUG org.apache.poi.ooxml.POIXMLFactory - using default POIXMLDocumentPart for http://schemas.openxmlformats.org/officeDocument/2006/relationships/printerSettings
12:32:49.059 [main] DEBUG org.apache.poi.openxml4j.opc.PackageRelationshipCollection - Parsing relationship: /xl/_rels/workbook.xml.rels
12:32:49.060 [main] DEBUG org.apache.poi.openxml4j.opc.PackageRelationshipCollection - Parsing relationship: /xl/worksheets/_rels/sheet1.xml.rels
12:32:49.060 [main] DEBUG org.apache.poi.openxml4j.opc.PackageRelationshipCollection - Parsing relationship: /_rels/.rels
12:32:49.064 [main] DEBUG org.apache.poi.ooxml.POIXMLFactory - using default POIXMLDocumentPart for http://schemas.openxmlformats.org/officeDocument/2006/relationships/printerSettings
12:32:49.068 [main] DEBUG org.apache.poi.openxml4j.opc.PackageRelationshipCollection - Parsing relationship: /xl/_rels/workbook.xml.rels
12:32:49.069 [main] DEBUG org.apache.poi.openxml4j.opc.PackageRelationshipCollection - Parsing relationship: /xl/worksheets/_rels/sheet1.xml.rels
12:32:49.069 [main] DEBUG org.apache.poi.openxml4j.opc.PackageRelationshipCollection - Parsing relationship: /_rels/.rels
12:32:49.072 [main] DEBUG org.apache.poi.ooxml.POIXMLFactory - using default POIXMLDocumentPart for http://schemas.openxmlformats.org/officeDocument/2006/relationships/printerSettings
12:32:49.078 [main] DEBUG org.apache.poi.openxml4j.opc.PackageRelationshipCollection - Parsing relationship: /xl/_rels/workbook.xml.rels
12:32:49.078 [main] DEBUG org.apache.poi.openxml4j.opc.PackageRelationshipCollection - Parsing relationship: /xl/worksheets/_rels/sheet1.xml.rels
12:32:49.079 [main] DEBUG org.apache.poi.openxml4j.opc.PackageRelationshipCollection - Parsing relationship: /_rels/.rels
12:32:49.082 [main] DEBUG org.apache.poi.ooxml.POIXMLFactory - using default POIXMLDocumentPart for http://schemas.openxmlformats.org/officeDocument/2006/relationships/printerSettings
12:32:49.087 [main] DEBUG org.apache.poi.openxml4j.opc.PackageRelationshipCollection - Parsing relationship: /xl/_rels/workbook.xml.rels
12:32:49.087 [main] DEBUG org.apache.poi.openxml4j.opc.PackageRelationshipCollection - Parsing relationship: /xl/worksheets/_rels/sheet1.xml.rels
12:32:49.087 [main] DEBUG org.apache.poi.openxml4j.opc.PackageRelationshipCollection - Parsing relationship: /_rels/.rels
12:32:49.091 [main] DEBUG org.apache.poi.ooxml.POIXMLFactory - using default POIXMLDocumentPart for http://schemas.openxmlformats.org/officeDocument/2006/relationships/printerSettings
12:32:49.095 [main] DEBUG org.apache.poi.openxml4j.opc.PackageRelationshipCollection - Parsing relationship: /xl/_rels/workbook.xml.rels
12:32:49.096 [main] DEBUG org.apache.poi.openxml4j.opc.PackageRelationshipCollection - Parsing relationship: /xl/worksheets/_rels/sheet1.xml.rels
12:32:49.096 [main] DEBUG org.apache.poi.openxml4j.opc.PackageRelationshipCollection - Parsing relationship: /_rels/.rels
12:32:49.099 [main] DEBUG org.apache.poi.ooxml.POIXMLFactory - using default POIXMLDocumentPart for http://schemas.openxmlformats.org/officeDocument/2006/relationships/printerSettings
12:35:31.956 [main] DEBUG api.test.WUserTests - **************** Debugging ***************
12:35:31.976 [main] INFO  api.test.WUserTests - ******************** Creating User ********************
12:35:33.743 [main] INFO  api.test.WUserTests - ******************** Generating the User Details ********************
12:35:33.977 [main] INFO  api.test.WUserTests - ******************** User Details Got Generated ********************
12:35:33.978 [main] INFO  api.test.WUserTests - ********************Updating the User ********************
12:35:34.418 [main] INFO  api.test.WUserTests - ******************** User is Updated ********************
12:35:34.419 [main] INFO  api.test.WUserTests - ******************** Deleting the User ********************
12:35:34.639 [main] INFO  api.test.WUserTests - ******************** User is Deleted ********************
12:36:29.128 [main] DEBUG api.test.UserTests - **************** Debugging ***************
12:36:29.172 [main] DEBUG api.test.WUserTests - **************** Debugging ***************
12:36:29.197 [main] INFO  api.test.UserTests - ******************** Creating User ********************
12:36:30.865 [main] INFO  api.test.UserTests - ******************** Generating the User Details ********************
12:36:31.124 [main] INFO  api.test.UserTests - ********************Updating the User ********************
12:36:31.590 [main] INFO  api.test.UserTests - ******************** User is Updated ********************
12:36:31.592 [main] INFO  api.test.UserTests - ******************** Deleting the User ********************
12:36:31.596 [main] INFO  api.test.WUserTests - ******************** Creating User ********************
12:36:31.836 [main] INFO  api.test.WUserTests - ******************** Generating the User Details ********************
12:36:32.057 [main] INFO  api.test.WUserTests - ******************** User Details Got Generated ********************
12:36:32.059 [main] INFO  api.test.WUserTests - ********************Updating the User ********************
12:36:32.487 [main] INFO  api.test.WUserTests - ******************** User is Updated ********************
12:36:32.489 [main] INFO  api.test.WUserTests - ******************** Deleting the User ********************
12:36:32.699 [main] INFO  api.test.WUserTests - ******************** User is Deleted ********************
12:37:17.188 [main] DEBUG api.test.WUserTests - **************** Debugging ***************
12:37:17.209 [main] INFO  api.test.WUserTests - ******************** Creating User ********************
12:37:18.944 [main] INFO  api.test.WUserTests - ******************** Generating the User Details ********************
12:37:19.195 [main] INFO  api.test.WUserTests - ******************** User Details Got Generated ********************
12:37:19.197 [main] INFO  api.test.WUserTests - ********************Updating the User ********************
12:37:19.626 [main] INFO  api.test.WUserTests - ******************** User is Updated ********************
12:37:19.628 [main] INFO  api.test.WUserTests - ******************** Deleting the User ********************
12:37:19.838 [main] INFO  api.test.WUserTests - ******************** User is Deleted ********************
12:37:29.878 [main] DEBUG api.test.WUserTests - **************** Debugging ***************
12:37:29.900 [main] INFO  api.test.WUserTests - ******************** Creating User ********************
12:37:31.700 [main] INFO  api.test.WUserTests - ******************** Generating the User Details ********************
12:37:31.947 [main] INFO  api.test.WUserTests - ******************** User Details Got Generated ********************
12:37:31.950 [main] INFO  api.test.WUserTests - ********************Updating the User ********************
12:37:32.391 [main] INFO  api.test.WUserTests - ******************** User is Updated ********************
12:37:32.393 [main] INFO  api.test.WUserTests - ******************** Deleting the User ********************
12:37:32.601 [main] INFO  api.test.WUserTests - ******************** User is Deleted ********************
12:37:52.360 [main] DEBUG api.test.WUserTests - **************** Debugging ***************
12:37:52.380 [main] INFO  api.test.WUserTests - ******************** Creating User ********************
12:37:54.097 [main] INFO  api.test.WUserTests - ******************** Generating the User Details ********************
12:37:54.345 [main] INFO  api.test.WUserTests - ******************** User Details Got Generated ********************
12:37:54.349 [main] INFO  api.test.WUserTests - ********************Updating the User ********************
12:37:54.800 [main] INFO  api.test.WUserTests - ******************** User is Updated ********************
12:37:54.802 [main] INFO  api.test.WUserTests - ******************** Deleting the User ********************
12:37:55.026 [main] INFO  api.test.WUserTests - ******************** User is Deleted ********************
12:45:01.955 [main] DEBUG api.test.WUserTests - **************** Debugging ***************
12:45:01.976 [main] INFO  api.test.WUserTests - ******************** Creating User ********************
12:45:03.727 [main] INFO  api.test.WUserTests - ******************** Generating the User Details ********************
12:45:03.960 [main] INFO  api.test.WUserTests - ******************** User Details Got Generated ********************
12:45:03.961 [main] INFO  api.test.WUserTests - ********************Updating the User ********************
12:45:04.398 [main] INFO  api.test.WUserTests - ******************** User is Updated ********************
12:45:04.399 [main] INFO  api.test.WUserTests - ******************** Deleting the User ********************
12:45:04.624 [main] INFO  api.test.WUserTests - ******************** User is Deleted ********************
12:45:26.102 [main] DEBUG api.test.WUserTests - **************** Debugging ***************
12:45:26.124 [main] INFO  api.test.WUserTests - ******************** Creating User ********************
12:45:27.746 [main] INFO  api.test.WUserTests - ******************** Generating the User Details ********************
12:45:27.982 [main] INFO  api.test.WUserTests - ******************** User Details Got Generated ********************
12:45:27.984 [main] INFO  api.test.WUserTests - ********************Updating the User ********************
12:45:28.446 [main] INFO  api.test.WUserTests - ******************** User is Updated ********************
12:45:28.447 [main] INFO  api.test.WUserTests - ******************** Deleting the User ********************
12:45:28.662 [main] INFO  api.test.WUserTests - ******************** User is Deleted ********************
12:45:50.347 [main] DEBUG api.test.WUserTests - **************** Debugging ***************
12:45:50.369 [main] INFO  api.test.WUserTests - ******************** Creating User ********************
12:45:51.988 [main] INFO  api.test.WUserTests - ******************** Generating the User Details ********************
12:45:52.240 [main] INFO  api.test.WUserTests - ******************** User Details Got Generated ********************
12:45:52.243 [main] INFO  api.test.WUserTests - ********************Updating the User ********************
12:45:52.719 [main] INFO  api.test.WUserTests - ******************** User is Updated ********************
12:45:52.720 [main] INFO  api.test.WUserTests - ******************** Deleting the User ********************
12:45:52.944 [main] INFO  api.test.WUserTests - ******************** User is Deleted ********************
13:18:03.240 [main] DEBUG api.test.UserTests - **************** Debugging ***************
13:18:03.261 [main] INFO  api.test.UserTests - ******************** Creating User ********************
13:18:05.009 [main] INFO  api.test.UserTests - ******************** Generating the User Details ********************
13:18:05.266 [main] INFO  api.test.UserTests - ******************** User Details Got Generated ********************
13:18:05.269 [main] INFO  api.test.UserTests - ********************Updating the User ********************
13:18:05.703 [main] INFO  api.test.UserTests - ******************** User is Updated ********************
13:18:05.705 [main] INFO  api.test.UserTests - ******************** Deleting the User ********************
13:18:05.929 [main] INFO  api.test.UserTests - ******************** User is Deleted ********************
16:12:00.505 [main] DEBUG api.test.UserTests - **************** Debugging ***************
16:12:00.529 [main] INFO  api.test.UserTests - ******************** Creating User ********************
16:12:02.349 [main] INFO  api.test.UserTests - ******************** Generating the User Details ********************
16:12:02.586 [main] INFO  api.test.UserTests - ******************** User Details Got Generated ********************
16:12:02.587 [main] INFO  api.test.UserTests - ********************Updating the User ********************
16:12:03.045 [main] INFO  api.test.UserTests - ******************** User is Updated ********************
16:12:03.046 [main] INFO  api.test.UserTests - ******************** Deleting the User ********************
16:12:03.274 [main] INFO  api.test.UserTests - ******************** User is Deleted ********************
16:12:10.431 [main] DEBUG api.test.UserTests - **************** Debugging ***************
16:12:10.455 [main] INFO  api.test.UserTests - ******************** Creating User ********************
16:12:14.987 [main] INFO  api.test.UserTests - ******************** Generating the User Details ********************
16:12:15.228 [main] INFO  api.test.UserTests - ******************** User Details Got Generated ********************
16:12:15.230 [main] INFO  api.test.UserTests - ********************Updating the User ********************
16:12:15.683 [main] INFO  api.test.UserTests - ******************** User is Updated ********************
16:12:15.684 [main] INFO  api.test.UserTests - ******************** Deleting the User ********************
16:12:15.899 [main] INFO  api.test.UserTests - ******************** User is Deleted ********************
15:43:09.771 [main] DEBUG api.test.UserTests - **************** Debugging ***************
15:43:09.796 [main] INFO  api.test.UserTests - ******************** Creating User ********************
15:43:11.723 [main] INFO  api.test.UserTests - ******************** Generating the User Details ********************
15:43:11.963 [main] INFO  api.test.UserTests - ******************** User Details Got Generated ********************
15:43:11.966 [main] INFO  api.test.UserTests - ********************Updating the User ********************
15:43:12.414 [main] INFO  api.test.UserTests - ******************** User is Updated ********************
15:43:12.416 [main] INFO  api.test.UserTests - ******************** Deleting the User ********************
15:43:12.626 [main] INFO  api.test.UserTests - ******************** User is Deleted ********************
